0 info it worked if it ends with ok
1 verbose cli [ 'node', '/usr/local/bin/npm', 'install', 'node-mysql', '-g' ]
2 info using npm@2.10.1
3 info using node@v0.12.4
4 verbose install initial load of /usr/local/lib/package.json
5 verbose readDependencies loading dependencies from /usr/local/lib/package.json
6 silly cache add args [ 'node-mysql', null ]
7 verbose cache add spec node-mysql
8 silly cache add parsed spec { raw: 'node-mysql',
8 silly cache add   scope: null,
8 silly cache add   name: 'node-mysql',
8 silly cache add   rawSpec: '',
8 silly cache add   spec: '*',
8 silly cache add   type: 'range' }
9 silly addNamed node-mysql@*
10 verbose addNamed "*" is a valid semver range for node-mysql
11 silly addNameRange { name: 'node-mysql', range: '*', hasData: false }
12 silly mapToRegistry name node-mysql
13 silly mapToRegistry using default registry
14 silly mapToRegistry registry https://registry.npmjs.org/
15 silly mapToRegistry uri https://registry.npmjs.org/node-mysql
16 verbose addNameRange registry:https://registry.npmjs.org/node-mysql not in flight; fetching
17 verbose request uri https://registry.npmjs.org/node-mysql
18 verbose request no auth needed
19 info attempt registry request try #1 at 6:12:09 PM
20 verbose request id 725fb64c75f6d622
21 http request GET https://registry.npmjs.org/node-mysql
22 info retry will retry, error on last attempt: Error: tunneling socket could not be established, cause=connect ECONNREFUSED
23 info attempt registry request try #2 at 6:12:19 PM
24 http request GET https://registry.npmjs.org/node-mysql
25 info retry will retry, error on last attempt: Error: tunneling socket could not be established, cause=connect ECONNREFUSED
26 info attempt registry request try #3 at 6:13:19 PM
27 http request GET https://registry.npmjs.org/node-mysql
28 verbose stack Error: tunneling socket could not be established, cause=connect ECONNREFUSED
28 verbose stack     at ClientRequest.onError (/usr/local/lib/node_modules/npm/node_modules/request/node_modules/tunnel-agent/index.js:168:17)
28 verbose stack     at ClientRequest.g (events.js:199:16)
28 verbose stack     at ClientRequest.emit (events.js:107:17)
28 verbose stack     at Socket.socketErrorListener (_http_client.js:271:9)
28 verbose stack     at Socket.emit (events.js:107:17)
28 verbose stack     at net.js:459:14
28 verbose stack     at process._tickCallback (node.js:355:11)
29 verbose cwd /Users/cam/sde/meteor-apps/meteor-data-migration/todos
30 error Darwin 14.5.0
31 error argv "node" "/usr/local/bin/npm" "install" "node-mysql" "-g"
32 error node v0.12.4
33 error npm  v2.10.1
34 error code ECONNRESET
35 error network tunneling socket could not be established, cause=connect ECONNREFUSED
35 error network This is most likely not a problem with npm itself
35 error network and is related to network connectivity.
35 error network In most cases you are behind a proxy or have bad network settings.
35 error network
35 error network If you are behind a proxy, please make sure that the
35 error network 'proxy' config is set properly.  See: 'npm help config'
36 verbose exit [ 1, true ]
